<?xml version="1.0" encoding="UTF-8"?>
<!-- Generated by org.testng.reporters.JUnitReportReporter -->
<testsuite hostname="LAPTOP-1LD7A37S" failures="0" tests="1" name="com.ninjademo.qa.tests.TestSearchPage" time="4.204" errors="0" timestamp="2024-01-19T23:46:11 IST" skipped="0">
  <testcase classname="com.ninjademo.qa.tests.TestSearchPage" name="test_searchProduct" time="4.204"/>
  <system-out/>
</testsuite> <!-- com.ninjademo.qa.tests.TestSearchPage -->
