<?xml version="1.0" encoding="UTF-8"?>
<!-- Generated by org.testng.reporters.JUnitReportReporter -->
<testsuite hostname="LAPTOP-1LD7A37S" failures="0" tests="6" name="com.ninjademo.qa.tests.TestHomePage" time="3.096" errors="0" timestamp="2024-01-19T23:46:11 IST" skipped="0">
  <testcase classname="com.ninjademo.qa.tests.TestHomePage" name="test_homepagegettitle" time="0.044"/>
  <system-out/>
  <testcase classname="com.ninjademo.qa.tests.TestHomePage" name="test_ClickonMyAccount" time="0.197"/>
  <system-out/>
  <testcase classname="com.ninjademo.qa.tests.TestHomePage" name="test_ClickonLogin" time="0.389"/>
  <system-out/>
  <testcase classname="com.ninjademo.qa.tests.TestHomePage" name="test_ClickonRegister" time="1.680"/>
  <system-out/>
  <testcase classname="com.ninjademo.qa.tests.TestHomePage" name="test_ClickonWishlist" time="0.420"/>
  <system-out/>
  <testcase classname="com.ninjademo.qa.tests.TestHomePage" name="test_ClickonShoppingcart" time="0.366"/>
  <system-out/>
</testsuite> <!-- com.ninjademo.qa.tests.TestHomePage -->
